<?xml version="1.0" encoding="UTF-8"?>
<testsuite xmlns:xsi="http://www.w3.org/2001/XMLSchema-instance" xsi:noNamespaceSchemaLocation="https://maven.apache.org/surefire/maven-surefire-plugin/xsd/surefire-test-report.xsd" name="com.hepeng.AppTest" time="0.022" tests="1" errors="0" skipped="0" failures="0">
  <properties>
    <property name="sun.desktop" value="windows"/>
    <property name="awt.toolkit" value="sun.awt.windows.WToolkit"/>
    <property name="file.encoding.pkg" value="sun.io"/>
    <property name="java.specification.version" value="1.8"/>
    <property name="sun.cpu.isalist" value="amd64"/>
    <property name="sun.jnu.encoding" value="GBK"/>
    <property name="java.class.path" value="D:\hplegend\codes\myAgent\jvmagent\agent_core\target\test-classes;D:\hplegend\codes\myAgent\jvmagent\agent_core\target\classes;D:\soft\mavenRep\junit\junit\4.11\junit-4.11.jar;D:\soft\mavenRep\org\hamcrest\hamcrest-core\1.3\hamcrest-core-1.3.jar;D:\soft\mavenRep\org\ow2\asm\asm\6.2.1\asm-6.2.1.jar;D:\soft\mavenRep\org\ow2\asm\asm-commons\6.2.1\asm-commons-6.2.1.jar;D:\soft\mavenRep\org\ow2\asm\asm-tree\6.2.1\asm-tree-6.2.1.jar;D:\soft\mavenRep\org\ow2\asm\asm-analysis\6.2.1\asm-analysis-6.2.1.jar;D:\soft\mavenRep\org\javassist\javassist\3.23.1-GA\javassist-3.23.1-GA.jar;"/>
    <property name="java.vm.vendor" value="Oracle Corporation"/>
    <property name="sun.arch.data.model" value="64"/>
    <property name="user.variant" value=""/>
    <property name="java.vendor.url" value="http://java.oracle.com/"/>
    <property name="user.timezone" value="Asia/Shanghai"/>
    <property name="java.vm.specification.version" value="1.8"/>
    <property name="os.name" value="Windows 10"/>
    <property name="user.country" value="CN"/>
    <property name="sun.java.launcher" value="SUN_STANDARD"/>
    <property name="sun.boot.library.path" value="C:\Program Files\Java\jdk1.8.0_91\jre\bin"/>
    <property name="sun.java.command" value="C:\Users\hp.he\AppData\Local\Temp\surefire2975048335857071341\surefirebooter3350961452259265424.jar C:\Users\hp.he\AppData\Local\Temp\surefire2975048335857071341 2019-08-28T21-17-27_469-jvmRun1 surefire6684174757309023575tmp surefire_03921264888514736343tmp"/>
    <property name="surefire.test.class.path" value="D:\hplegend\codes\myAgent\jvmagent\agent_core\target\test-classes;D:\hplegend\codes\myAgent\jvmagent\agent_core\target\classes;D:\soft\mavenRep\junit\junit\4.11\junit-4.11.jar;D:\soft\mavenRep\org\hamcrest\hamcrest-core\1.3\hamcrest-core-1.3.jar;D:\soft\mavenRep\org\ow2\asm\asm\6.2.1\asm-6.2.1.jar;D:\soft\mavenRep\org\ow2\asm\asm-commons\6.2.1\asm-commons-6.2.1.jar;D:\soft\mavenRep\org\ow2\asm\asm-tree\6.2.1\asm-tree-6.2.1.jar;D:\soft\mavenRep\org\ow2\asm\asm-analysis\6.2.1\asm-analysis-6.2.1.jar;D:\soft\mavenRep\org\javassist\javassist\3.23.1-GA\javassist-3.23.1-GA.jar;"/>
    <property name="sun.cpu.endian" value="little"/>
    <property name="user.home" value="C:\Users\hp.he"/>
    <property name="user.language" value="zh"/>
    <property name="java.specification.vendor" value="Oracle Corporation"/>
    <property name="java.home" value="C:\Program Files\Java\jdk1.8.0_91\jre"/>
    <property name="basedir" value="D:\hplegend\codes\myAgent\jvmagent\agent_core"/>
    <property name="file.separator" value="\"/>
    <property name="line.separator" value="&#10;"/>
    <property name="java.vm.specification.vendor" value="Oracle Corporation"/>
    <property name="java.specification.name" value="Java Platform API Specification"/>
    <property name="java.awt.graphicsenv" value="sun.awt.Win32GraphicsEnvironment"/>
    <property name="surefire.real.class.path" value="C:\Users\hp.he\AppData\Local\Temp\surefire2975048335857071341\surefirebooter3350961452259265424.jar"/>
    <property name="sun.boot.class.path" value="C:\Program Files\Java\jdk1.8.0_91\jre\lib\resources.jar;C:\Program Files\Java\jdk1.8.0_91\jre\lib\rt.jar;C:\Program Files\Java\jdk1.8.0_91\jre\lib\sunrsasign.jar;C:\Program Files\Java\jdk1.8.0_91\jre\lib\jsse.jar;C:\Program Files\Java\jdk1.8.0_91\jre\lib\jce.jar;C:\Program Files\Java\jdk1.8.0_91\jre\lib\charsets.jar;C:\Program Files\Java\jdk1.8.0_91\jre\lib\jfr.jar;C:\Program Files\Java\jdk1.8.0_91\jre\classes"/>
    <property name="user.script" value=""/>
    <property name="sun.management.compiler" value="HotSpot 64-Bit Tiered Compilers"/>
    <property name="java.runtime.version" value="1.8.0_91-b15"/>
    <property name="user.name" value="hp.he"/>
    <property name="path.separator" value=";"/>
    <property name="os.version" value="10.0"/>
    <property name="java.endorsed.dirs" value="C:\Program Files\Java\jdk1.8.0_91\jre\lib\endorsed"/>
    <property name="java.runtime.name" value="Java(TM) SE Runtime Environment"/>
    <property name="file.encoding" value="GBK"/>
    <property name="java.vm.name" value="Java HotSpot(TM) 64-Bit Server VM"/>
    <property name="localRepository" value="D:\soft\mavenRep"/>
    <property name="java.vendor.url.bug" value="http://bugreport.sun.com/bugreport/"/>
    <property name="java.io.tmpdir" value="C:\Users\hp.he\AppData\Local\Temp\"/>
    <property name="java.version" value="1.8.0_91"/>
    <property name="user.dir" value="D:\hplegend\codes\myAgent\jvmagent\agent_core"/>
    <property name="os.arch" value="amd64"/>
    <property name="java.vm.specification.name" value="Java Virtual Machine Specification"/>
    <property name="java.awt.printerjob" value="sun.awt.windows.WPrinterJob"/>
    <property name="sun.os.patch.level" value=""/>
    <property name="java.library.path" value="C:\Program Files\Java\jdk1.8.0_91\jre\bin;C:\Windows\Sun\Java\bin;C:\Windows\system32;C:\Windows;C:\ProgramData\Oracle\Java\javapath;C:\Windows\system32;C:\Windows;C:\Windows\System32\Wbem;C:\Windows\System32\WindowsPowerShell\v1.0\;C:\Windows\System32\OpenSSH\;C:\Program Files (x86)\Enterprise Vault\EVClient\x64\;C:\Program Files\Java\jdk1.8.0_91\bin;C:\Program Files\Java\jdk1.8.0_91\lib;D:\Program Files\Git\cmd;D:\soft\apache-maven-3.0.5\bin;D:\hplegend\OpenCV\cmakedll;D:\Program Files\CMake\bin;C:\Program Files (x86)\CodeBlocks\MinGW\bin;D:\Program Files\PostgreSQL\9.6\bin;D:\soft\curl-7.64.1-win64-mingw\bin;D:\qunar\python\Scripts\;D:\qunar\python\;C:\Users\hp.he\AppData\Local\Microsoft\WindowsApps;;D:\Program Files\JetBrains\DataGrip 2019.2.1\bin;;D:\Program Files\JetBrains\PyCharm 2018.3.7\bin;;D:\Program Files\JetBrains\CLion 2018.3.4\bin;;."/>
    <property name="java.vm.info" value="mixed mode"/>
    <property name="java.vendor" value="Oracle Corporation"/>
    <property name="java.vm.version" value="25.91-b15"/>
    <property name="java.ext.dirs" value="C:\Program Files\Java\jdk1.8.0_91\jre\lib\ext;C:\Windows\Sun\Java\lib\ext"/>
    <property name="sun.io.unicode.encoding" value="UnicodeLittle"/>
    <property name="java.class.version" value="52.0"/>
  </properties>
  <testcase name="shouldAnswerWithTrue" classname="com.hepeng.AppTest" time="0.001"/>
</testsuite>